Publishing to MQTT topic: hermes/dialogueManager/endSession
2025-29-06 23:38:19 - skill.Open_Gmail - INFO - Session data cleared.
Session data cleared.
2025-29-06 23:38:43 - root - INFO - Received intent: 'Open_Gmail'
Received intent: 'Open_Gmail'
2025-29-06 23:38:43 - root - INFO - Dispatching intent 'Open_Gmail' to skill 'OpenGmailSkill'.
Dispatching intent 'Open_Gmail' to skill 'OpenGmailSkill'.
2025-29-06 23:38:43 - skill.Open_Gmail - INFO - Handling intent for session: f3551851-8335-4d36-b483-707db9a302dc, site: default
Handling intent for session: f3551851-8335-4d36-b483-707db9a302dc, site: default
2025-29-06 23:38:43 - skill.Open_Gmail - INFO - Attempting to open Gmail.
Attempting to open Gmail.
2025-29-06 23:38:43 - skill.Open_Gmail - INFO - Successfully opened https://mail.google.com in browser.
Successfully opened https://mail.google.com in browser.
2025-29-06 23:38:43 - skill.Open_Gmail - INFO - Speaking final response: 'Here is your inbox.'
Speaking final response: 'Here is your inbox.'
2025-29-06 23:38:43 - skill.Open_Gmail - INFO - Publishing to MQTT topic: hermes/tts/say
Publishing to MQTT topic: hermes/tts/say
2025-29-06 23:38:43 - skill.Open_Gmail - INFO - Ending session f3551851-8335-4d36-b483-707db9a302dc
Ending session f3551851-8335-4d36-b483-707db9a302dc
2025-29-06 23:38:43 - skill.Open_Gmail - INFO - Publishing to MQTT topic: hermes/dialogueManager/endSession
Publishing to MQTT topic: hermes/dialogueManager/endSession
2025-29-06 23:38:43 - skill.Open_Gmail - INFO - Session data cleared.
Session data cleared.
2025-29-06 23:39:02 - root - INFO - Received intent: 'Ask_Me_Colors'
Received intent: 'Ask_Me_Colors'
2025-29-06 23:39:02 - root - INFO - Dispatching intent 'Ask_Me_Colors' to skill 'AskMeColorsSkill'.
Dispatching intent 'Ask_Me_Colors' to skill 'AskMeColorsSkill'.
2025-29-06 23:39:02 - skill.Ask_Me_Colors - INFO - Handling intent for session: b82b2266-bac5-420a-b2ae-97bbe599038d, site: default
Handling intent for session: b82b2266-bac5-420a-b2ae-97bbe599038d, site: default
2025-29-06 23:39:02 - skill.Ask_Me_Colors - INFO - Starting 'Ask Me Colors' conversation.
Starting 'Ask Me Colors' conversation.
2025-29-06 23:39:02 - skill.Ask_Me_Colors - INFO - Continuing session b82b2266-bac5-420a-b2ae-97bbe599038d, asking: 'What is your favorite color?'
Continuing session b82b2266-bac5-420a-b2ae-97bbe599038d, asking: 'What is your favorite color?'
2025-29-06 23:39:02 - skill.Ask_Me_Colors - INFO - Publishing to MQTT topic: hermes/dialogueManager/continueSession
Publishing to MQTT topic: hermes/dialogueManager/continueSession
2025-29-06 23:41:26 - root - INFO - Logging configured.
Logging configured.
2025-29-06 23:41:26 - root - INFO - Calico Skill Service - Starting
Calico Skill Service - Starting
2025-29-06 23:41:26 - root - INFO - --- Starting Skill Loading Process ---
--- Starting Skill Loading Process ---
2025-29-06 23:41:26 - root - INFO - Attempting to load skill 'AskMeColorsSkill' from Ask_Me_Colors.py...
Attempting to load skill 'AskMeColorsSkill' from Ask_Me_Colors.py...
2025-29-06 23:41:26 - root - INFO - Successfully loaded skill 'AskMeColorsSkill'. Listening for intents: 'Ask_Me_Colors' and 'Answer_Colors'.
Successfully loaded skill 'AskMeColorsSkill'. Listening for intents: 'Ask_Me_Colors' and 'Answer_Colors'.
2025-29-06 23:41:26 - root - INFO - Attempting to load skill 'OpenGmailSkill' from Open_Gmail.py...
Attempting to load skill 'OpenGmailSkill' from Open_Gmail.py...
2025-29-06 23:41:26 - root - INFO - Successfully loaded skill 'OpenGmailSkill'. Listening for intents: 'Open_Gmail' and ''.
Successfully loaded skill 'OpenGmailSkill'. Listening for intents: 'Open_Gmail' and ''.
2025-29-06 23:41:26 - root - INFO - --- Skill Loading Complete ---
--- Skill Loading Complete ---
2025-29-06 23:41:26 - root - INFO - Attempting to connect to MQTT at localhost:1883...
Attempting to connect to MQTT at localhost:1883...
2025-29-06 23:41:26 - root - INFO - Successfully connected to MQTT broker.
Successfully connected to MQTT broker.
2025-29-06 23:41:26 - root - INFO - Subscribed to 'hermes/intent/#' and 'hermes/nlu/intentNotRecognized'.
Subscribed to 'hermes/intent/#' and 'hermes/nlu/intentNotRecognized'.
2025-29-06 23:41:33 - root - INFO - Received intent: 'Ask_Me_Colors'
Received intent: 'Ask_Me_Colors'
2025-29-06 23:41:33 - root - INFO - Dispatching intent 'Ask_Me_Colors' to skill 'AskMeColorsSkill'.
Dispatching intent 'Ask_Me_Colors' to skill 'AskMeColorsSkill'.
2025-29-06 23:41:33 - skill.Ask_Me_Colors - INFO - Handling intent for session: 165a25a7-ed52-47a9-b5d7-27d906f10433, site: default
Handling intent for session: 165a25a7-ed52-47a9-b5d7-27d906f10433, site: default
2025-29-06 23:41:33 - skill.Ask_Me_Colors - INFO - Starting 'Ask Me Colors' conversation.
Starting 'Ask Me Colors' conversation.
2025-29-06 23:41:33 - skill.Ask_Me_Colors - INFO - Continuing session 165a25a7-ed52-47a9-b5d7-27d906f10433, asking: 'What is your favorite color?'
Continuing session 165a25a7-ed52-47a9-b5d7-27d906f10433, asking: 'What is your favorite color?'
2025-29-06 23:41:33 - skill.Ask_Me_Colors - INFO - Publishing to MQTT topic: hermes/dialogueManager/continueSession
Publishing to MQTT topic: hermes/dialogueManager/continueSession
2025-29-06 23:41:33 - skill.Ask_Me_Colors - INFO - Payload: {"sessionId": "165a25a7-ed52-47a9-b5d7-27d906f10433", "text": "What is your favorite color?", "intentFilter": ["Answer_Colors"], "customData": "{\"origin\": \"Ask_Me_Colors\"}", "sendIntentNotRecognized": true}
Payload: {"sessionId": "165a25a7-ed52-47a9-b5d7-27d906f10433", "text": "What is your favorite color?", "intentFilter": ["Answer_Colors"], "customData": "{\"origin\": \"Ask_Me_Colors\"}", "sendIntentNotRecognized": true}
2025-29-06 23:43:35 - root - INFO - Received intent: 'Open_Gmail'
Received intent: 'Open_Gmail'
2025-29-06 23:43:35 - root - INFO - Dispatching intent 'Open_Gmail' to skill 'OpenGmailSkill'.
Dispatching intent 'Open_Gmail' to skill 'OpenGmailSkill'.
2025-29-06 23:43:35 - skill.Open_Gmail - INFO - Handling intent for session: e8df6711-9dfb-4d77-978b-93d747c95889, site: default
Handling intent for session: e8df6711-9dfb-4d77-978b-93d747c95889, site: default
2025-29-06 23:43:35 - skill.Open_Gmail - INFO - Attempting to open Gmail.
Attempting to open Gmail.
2025-29-06 23:43:35 - skill.Open_Gmail - INFO - Successfully opened https://mail.google.com in browser.
Successfully opened https://mail.google.com in browser.
2025-29-06 23:43:35 - skill.Open_Gmail - INFO - Speaking final response: 'Here is your inbox.'
Speaking final response: 'Here is your inbox.'
2025-29-06 23:43:35 - skill.Open_Gmail - INFO - Publishing to MQTT topic: hermes/tts/say
Publishing to MQTT topic: hermes/tts/say
2025-29-06 23:43:35 - skill.Open_Gmail - INFO - Payload: {"text": "Here is your inbox.", "siteId": "default"}
Payload: {"text": "Here is your inbox.", "siteId": "default"}
2025-29-06 23:43:35 - skill.Open_Gmail - INFO - Ending session e8df6711-9dfb-4d77-978b-93d747c95889
Ending session e8df6711-9dfb-4d77-978b-93d747c95889
2025-29-06 23:43:35 - skill.Open_Gmail - INFO - Publishing to MQTT topic: hermes/dialogueManager/endSession
Publishing to MQTT topic: hermes/dialogueManager/endSession
2025-29-06 23:43:35 - skill.Open_Gmail - INFO - Payload: {"sessionId": "e8df6711-9dfb-4d77-978b-93d747c95889", "text": ""}
Payload: {"sessionId": "e8df6711-9dfb-4d77-978b-93d747c95889", "text": ""}
2025-29-06 23:43:35 - skill.Open_Gmail - INFO - Session data cleared.
Session data cleared.
2025-29-06 23:47:38 - root - INFO - Logging configured.
Logging configured.
2025-29-06 23:47:38 - root - INFO - Calico Skill Service - Starting
Calico Skill Service - Starting
2025-29-06 23:47:38 - root - INFO - --- Starting Skill Loading Process ---
--- Starting Skill Loading Process ---
2025-29-06 23:47:38 - root - INFO - Attempting to load skill 'AskMeColorsSkill' from Ask_Me_Colors.py...
Attempting to load skill 'AskMeColorsSkill' from Ask_Me_Colors.py...
2025-29-06 23:47:38 - root - INFO - Successfully loaded skill 'AskMeColorsSkill'. Listening for intents: 'Ask_Me_Colors' and 'Answer_Colors'.
Successfully loaded skill 'AskMeColorsSkill'. Listening for intents: 'Ask_Me_Colors' and 'Answer_Colors'.
2025-29-06 23:47:38 - root - INFO - Attempting to load skill 'OpenGmailSkill' from Open_Gmail.py...
Attempting to load skill 'OpenGmailSkill' from Open_Gmail.py...
2025-29-06 23:47:38 - root - INFO - Successfully loaded skill 'OpenGmailSkill'. Listening for intents: 'Open_Gmail' and ''.
Successfully loaded skill 'OpenGmailSkill'. Listening for intents: 'Open_Gmail' and ''.
2025-29-06 23:47:38 - root - INFO - --- Skill Loading Complete ---
--- Skill Loading Complete ---
2025-29-06 23:47:38 - root - INFO - Attempting to connect to MQTT at localhost:1883...
Attempting to connect to MQTT at localhost:1883...
2025-29-06 23:47:38 - root - INFO - Successfully connected to MQTT broker.
Successfully connected to MQTT broker.
2025-29-06 23:47:38 - root - INFO - Subscribed to 'hermes/intent/#' and 'hermes/nlu/intentNotRecognized'.
Subscribed to 'hermes/intent/#' and 'hermes/nlu/intentNotRecognized'.
2025-29-06 23:48:07 - root - INFO - Received intent: 'Ask_Me_Colors'
Received intent: 'Ask_Me_Colors'
2025-29-06 23:48:07 - root - INFO - Dispatching intent 'Ask_Me_Colors' to skill 'AskMeColorsSkill'.
Dispatching intent 'Ask_Me_Colors' to skill 'AskMeColorsSkill'.
2025-29-06 23:48:07 - skill.Ask_Me_Colors - INFO - Handling intent for session: 9edb93da-dcad-4826-bd0e-e0fcf5c5ad2c, site: default
Handling intent for session: 9edb93da-dcad-4826-bd0e-e0fcf5c5ad2c, site: default
2025-29-06 23:48:07 - skill.Ask_Me_Colors - INFO - Starting 'Ask Me Colors' conversation.
Starting 'Ask Me Colors' conversation.
2025-29-06 23:48:07 - skill.Ask_Me_Colors - INFO - Continuing session 9edb93da-dcad-4826-bd0e-e0fcf5c5ad2c, asking: 'What is your favorite color?'
Continuing session 9edb93da-dcad-4826-bd0e-e0fcf5c5ad2c, asking: 'What is your favorite color?'
2025-29-06 23:48:07 - skill.Ask_Me_Colors - INFO - Publishing to MQTT topic: hermes/dialogueManager/continueSession
Publishing to MQTT topic: hermes/dialogueManager/continueSession
2025-29-06 23:48:07 - skill.Ask_Me_Colors - INFO - Payload: {"sessionId": "9edb93da-dcad-4826-bd0e-e0fcf5c5ad2c", "text": "What is your favorite color?", "intentFilter": ["Answer_Colors"], "customData": "{\"origin\": \"Ask_Me_Colors\"}", "sendIntentNotRecognized": true}
Payload: {"sessionId": "9edb93da-dcad-4826-bd0e-e0fcf5c5ad2c", "text": "What is your favorite color?", "intentFilter": ["Answer_Colors"], "customData": "{\"origin\": \"Ask_Me_Colors\"}", "sendIntentNotRecognized": true}
2025-29-06 23:50:04 - root - INFO - Received intent: 'Ask_Me_Colors'
Received intent: 'Ask_Me_Colors'
2025-29-06 23:50:04 - root - INFO - Dispatching intent 'Ask_Me_Colors' to skill 'AskMeColorsSkill'.
Dispatching intent 'Ask_Me_Colors' to skill 'AskMeColorsSkill'.
2025-29-06 23:50:04 - skill.Ask_Me_Colors - INFO - Handling intent for session: default-porcupine_linux-dbf7e769-ddde-42b2-a884-bcdf2afd5b1f, site: default
Handling intent for session: default-porcupine_linux-dbf7e769-ddde-42b2-a884-bcdf2afd5b1f, site: default
2025-29-06 23:53:08 - root - INFO - Received intent: 'Open_Gmail'
Received intent: 'Open_Gmail'
2025-29-06 23:53:08 - root - INFO - Dispatching intent 'Open_Gmail' to skill 'OpenGmailSkill'.
Dispatching intent 'Open_Gmail' to skill 'OpenGmailSkill'.
2025-29-06 23:53:08 - skill.Open_Gmail - INFO - Handling intent for session: default-porcupine_linux-a0d38670-9a3b-4308-8a66-22042f7291fc, site: default
Handling intent for session: default-porcupine_linux-a0d38670-9a3b-4308-8a66-22042f7291fc, site: default
2025-29-06 23:53:08 - skill.Open_Gmail - INFO - Attempting to open Gmail.
Attempting to open Gmail.
2025-29-06 23:53:09 - skill.Open_Gmail - INFO - Successfully opened https://mail.google.com in browser.
Successfully opened https://mail.google.com in browser.
2025-29-06 23:53:09 - skill.Open_Gmail - INFO - Speaking final response: 'Here is your inbox.'
Speaking final response: 'Here is your inbox.'
2025-29-06 23:53:09 - skill.Open_Gmail - INFO - Publishing to MQTT topic: hermes/tts/say
Publishing to MQTT topic: hermes/tts/say
2025-29-06 23:53:09 - skill.Open_Gmail - INFO - Payload: {"text": "Here is your inbox.", "siteId": "default"}
Payload: {"text": "Here is your inbox.", "siteId": "default"}
2025-29-06 23:53:09 - skill.Open_Gmail - INFO - Ending session default-porcupine_linux-a0d38670-9a3b-4308-8a66-22042f7291fc
Ending session default-porcupine_linux-a0d38670-9a3b-4308-8a66-22042f7291fc
2025-29-06 23:53:09 - skill.Open_Gmail - INFO - Publishing to MQTT topic: hermes/dialogueManager/endSession
Publishing to MQTT topic: hermes/dialogueManager/endSession
2025-29-06 23:53:09 - skill.Open_Gmail - INFO - Payload: {"sessionId": "default-porcupine_linux-a0d38670-9a3b-4308-8a66-22042f7291fc", "text": ""}
Payload: {"sessionId": "default-porcupine_linux-a0d38670-9a3b-4308-8a66-22042f7291fc", "text": ""}
2025-29-06 23:53:09 - skill.Open_Gmail - INFO - Session data cleared.
Session data cleared.
2025-29-06 23:59:00 - root - INFO - Received intent: 'Ask_Me_Colors'
Received intent: 'Ask_Me_Colors'
2025-29-06 23:59:00 - root - INFO - Dispatching intent 'Ask_Me_Colors' to skill 'AskMeColorsSkill'.
Dispatching intent 'Ask_Me_Colors' to skill 'AskMeColorsSkill'.
2025-29-06 23:59:00 - skill.Ask_Me_Colors - INFO - Handling intent for session: 1ab67c4d-fa56-43d6-82a9-765fe29e393c, site: default
Handling intent for session: 1ab67c4d-fa56-43d6-82a9-765fe29e393c, site: default
2025-30-06 00:00:36 - root - INFO - Logging configured.
Logging configured.
2025-30-06 00:00:36 - root - INFO - Calico Skill Service - Starting
Calico Skill Service - Starting
2025-30-06 00:00:36 - root - INFO - --- Starting Skill Loading Process ---
--- Starting Skill Loading Process ---
2025-30-06 00:00:36 - root - INFO - Attempting to load skill 'AskMeColorsSkill' from Ask_Me_Colors.py...
Attempting to load skill 'AskMeColorsSkill' from Ask_Me_Colors.py...
2025-30-06 00:00:36 - root - INFO - Successfully loaded skill 'AskMeColorsSkill'. Listening for intents: 'Ask_Me_Colors' and 'Answer_Colors'.
Successfully loaded skill 'AskMeColorsSkill'. Listening for intents: 'Ask_Me_Colors' and 'Answer_Colors'.
2025-30-06 00:00:36 - root - INFO - Attempting to load skill 'OpenGmailSkill' from Open_Gmail.py...
Attempting to load skill 'OpenGmailSkill' from Open_Gmail.py...
2025-30-06 00:00:36 - root - INFO - Successfully loaded skill 'OpenGmailSkill'. Listening for intents: 'Open_Gmail' and ''.
Successfully loaded skill 'OpenGmailSkill'. Listening for intents: 'Open_Gmail' and ''.
2025-30-06 00:00:36 - root - INFO - --- Skill Loading Complete ---
--- Skill Loading Complete ---
2025-30-06 00:00:36 - root - INFO - Attempting to connect to MQTT at localhost:1883...
Attempting to connect to MQTT at localhost:1883...
2025-30-06 00:00:36 - root - INFO - Successfully connected to MQTT broker.
Successfully connected to MQTT broker.
2025-30-06 00:00:36 - root - INFO - Subscribed to 'hermes/intent/#' and 'hermes/nlu/intentNotRecognized'.
Subscribed to 'hermes/intent/#' and 'hermes/nlu/intentNotRecognized'.
2025-30-06 00:00:51 - root - INFO - Received intent: 'Ask_Me_Colors'
Received intent: 'Ask_Me_Colors'
2025-30-06 00:00:51 - root - INFO - Dispatching intent 'Ask_Me_Colors' to skill 'AskMeColorsSkill'.
Dispatching intent 'Ask_Me_Colors' to skill 'AskMeColorsSkill'.
2025-30-06 00:00:51 - skill.Ask_Me_Colors - INFO - Handling intent for session: default-porcupine_linux-65bcfa27-0f9a-401c-8016-758bd162d289, site: default
Handling intent for session: default-porcupine_linux-65bcfa27-0f9a-401c-8016-758bd162d289, site: default
2025-30-06 00:00:51 - skill.Ask_Me_Colors - INFO - Starting 'Ask Me Colors' conversation.
Starting 'Ask Me Colors' conversation.
2025-30-06 00:00:51 - skill.Ask_Me_Colors - INFO - Continuing session default-porcupine_linux-65bcfa27-0f9a-401c-8016-758bd162d289, asking: 'What is your favorite color?'
Continuing session default-porcupine_linux-65bcfa27-0f9a-401c-8016-758bd162d289, asking: 'What is your favorite color?'
2025-30-06 00:00:51 - skill.Ask_Me_Colors - INFO - Publishing to MQTT topic: hermes/dialogueManager/continueSession
Publishing to MQTT topic: hermes/dialogueManager/continueSession
2025-30-06 00:00:51 - skill.Ask_Me_Colors - INFO - Payload: {"sessionId": "default-porcupine_linux-65bcfa27-0f9a-401c-8016-758bd162d289", "text": "What is your favorite color?", "intentFilter": ["Answer_Colors"], "customData": "{\"origin\": \"Ask_Me_Colors\"}", "sendIntentNotRecognized": true}
Payload: {"sessionId": "default-porcupine_linux-65bcfa27-0f9a-401c-8016-758bd162d289", "text": "What is your favorite color?", "intentFilter": ["Answer_Colors"], "customData": "{\"origin\": \"Ask_Me_Colors\"}", "sendIntentNotRecognized": true}
2025-30-06 00:01:00 - root - WARNING - Intent not recognized for session: default-porcupine_linux-65bcfa27-0f9a-401c-8016-758bd162d289. Searching for active skill.
Intent not recognized for session: default-porcupine_linux-65bcfa27-0f9a-401c-8016-758bd162d289. Searching for active skill.
2025-30-06 00:01:00 - root - INFO - Found active skill 'AskMeColorsSkill' for session. Dispatching.
Found active skill 'AskMeColorsSkill' for session. Dispatching.
2025-30-06 00:01:00 - skill.Ask_Me_Colors - WARNING - Intent not recognized. Retry attempt 1/5.
Intent not recognized. Retry attempt 1/5.
2025-30-06 00:01:00 - skill.Ask_Me_Colors - INFO - Continuing session default-porcupine_linux-65bcfa27-0f9a-401c-8016-758bd162d289, asking: 'I'm having a little trouble understanding. What was that?'
Continuing session default-porcupine_linux-65bcfa27-0f9a-401c-8016-758bd162d289, asking: 'I'm having a little trouble understanding. What was that?'
2025-30-06 00:01:00 - skill.Ask_Me_Colors - INFO - Publishing to MQTT topic: hermes/dialogueManager/continueSession
Publishing to MQTT topic: hermes/dialogueManager/continueSession
2025-30-06 00:01:00 - skill.Ask_Me_Colors - INFO - Payload: {"sessionId": "default-porcupine_linux-65bcfa27-0f9a-401c-8016-758bd162d289", "text": "I'm having a little trouble understanding. What was that?", "intentFilter": ["Answer_Colors"], "customData": "{\"origin\": \"Ask_Me_Colors\"}", "sendIntentNotRecognized": true}
Payload: {"sessionId": "default-porcupine_linux-65bcfa27-0f9a-401c-8016-758bd162d289", "text": "I'm having a little trouble understanding. What was that?", "intentFilter": ["Answer_Colors"], "customData": "{\"origin\": \"Ask_Me_Colors\"}", "sendIntentNotRecognized": true}
2025-30-06 00:01:13 - root - WARNING - Intent not recognized for session: default-porcupine_linux-65bcfa27-0f9a-401c-8016-758bd162d289. Searching for active skill.
Intent not recognized for session: default-porcupine_linux-65bcfa27-0f9a-401c-8016-758bd162d289. Searching for active skill.
2025-30-06 00:01:13 - root - INFO - Found active skill 'AskMeColorsSkill' for session. Dispatching.
Found active skill 'AskMeColorsSkill' for session. Dispatching.
2025-30-06 00:01:13 - skill.Ask_Me_Colors - WARNING - Intent not recognized. Retry attempt 2/5.
Intent not recognized. Retry attempt 2/5.
2025-30-06 00:01:13 - skill.Ask_Me_Colors - INFO - Continuing session default-porcupine_linux-65bcfa27-0f9a-401c-8016-758bd162d289, asking: 'I didn't quite get that. Please repeat yourself.'
Continuing session default-porcupine_linux-65bcfa27-0f9a-401c-8016-758bd162d289, asking: 'I didn't quite get that. Please repeat yourself.'
2025-30-06 00:01:13 - skill.Ask_Me_Colors - INFO - Publishing to MQTT topic: hermes/dialogueManager/continueSession
Publishing to MQTT topic: hermes/dialogueManager/continueSession
2025-30-06 00:01:13 - skill.Ask_Me_Colors - INFO - Payload: {"sessionId": "default-porcupine_linux-65bcfa27-0f9a-401c-8016-758bd162d289", "text": "I didn't quite get that. Please repeat yourself.", "intentFilter": ["Answer_Colors"], "customData": "{\"origin\": \"Ask_Me_Colors\"}", "sendIntentNotRecognized": true}
Payload: {"sessionId": "default-porcupine_linux-65bcfa27-0f9a-401c-8016-758bd162d289", "text": "I didn't quite get that. Please repeat yourself.", "intentFilter": ["Answer_Colors"], "customData": "{\"origin\": \"Ask_Me_Colors\"}", "sendIntentNotRecognized": true}
2025-30-06 00:01:27 - root - WARNING - Intent not recognized for session: default-porcupine_linux-65bcfa27-0f9a-401c-8016-758bd162d289. Searching for active skill.
Intent not recognized for session: default-porcupine_linux-65bcfa27-0f9a-401c-8016-758bd162d289. Searching for active skill.
2025-30-06 00:01:27 - root - INFO - Found active skill 'AskMeColorsSkill' for session. Dispatching.
Found active skill 'AskMeColorsSkill' for session. Dispatching.
2025-30-06 00:01:27 - skill.Ask_Me_Colors - WARNING - Intent not recognized. Retry attempt 3/5.
Intent not recognized. Retry attempt 3/5.
2025-30-06 00:01:27 - skill.Ask_Me_Colors - INFO - Continuing session default-porcupine_linux-65bcfa27-0f9a-401c-8016-758bd162d289, asking: 'I'm having a little trouble understanding. What was that?'
Continuing session default-porcupine_linux-65bcfa27-0f9a-401c-8016-758bd162d289, asking: 'I'm having a little trouble understanding. What was that?'
2025-30-06 00:01:27 - skill.Ask_Me_Colors - INFO - Publishing to MQTT topic: hermes/dialogueManager/continueSession
Publishing to MQTT topic: hermes/dialogueManager/continueSession
2025-30-06 00:01:27 - skill.Ask_Me_Colors - INFO - Payload: {"sessionId": "default-porcupine_linux-65bcfa27-0f9a-401c-8016-758bd162d289", "text": "I'm having a little trouble understanding. What was that?", "intentFilter": ["Answer_Colors"], "customData": "{\"origin\": \"Ask_Me_Colors\"}", "sendIntentNotRecognized": true}
Payload: {"sessionId": "default-porcupine_linux-65bcfa27-0f9a-401c-8016-758bd162d289", "text": "I'm having a little trouble understanding. What was that?", "intentFilter": ["Answer_Colors"], "customData": "{\"origin\": \"Ask_Me_Colors\"}", "sendIntentNotRecognized": true}
2025-30-06 00:01:37 - root - WARNING - Intent not recognized for session: default-porcupine_linux-65bcfa27-0f9a-401c-8016-758bd162d289. Searching for active skill.
Intent not recognized for session: default-porcupine_linux-65bcfa27-0f9a-401c-8016-758bd162d289. Searching for active skill.
2025-30-06 00:01:37 - root - INFO - Found active skill 'AskMeColorsSkill' for session. Dispatching.
Found active skill 'AskMeColorsSkill' for session. Dispatching.
2025-30-06 00:01:37 - skill.Ask_Me_Colors - WARNING - Intent not recognized. Retry attempt 4/5.
Intent not recognized. Retry attempt 4/5.
2025-30-06 00:01:37 - skill.Ask_Me_Colors - INFO - Continuing session default-porcupine_linux-65bcfa27-0f9a-401c-8016-758bd162d289, asking: 'Could you say that one more time?'
Continuing session default-porcupine_linux-65bcfa27-0f9a-401c-8016-758bd162d289, asking: 'Could you say that one more time?'
2025-30-06 00:01:37 - skill.Ask_Me_Colors - INFO - Publishing to MQTT topic: hermes/dialogueManager/continueSession
Publishing to MQTT topic: hermes/dialogueManager/continueSession
2025-30-06 00:01:37 - skill.Ask_Me_Colors - INFO - Payload: {"sessionId": "default-porcupine_linux-65bcfa27-0f9a-401c-8016-758bd162d289", "text": "Could you say that one more time?", "intentFilter": ["Answer_Colors"], "customData": "{\"origin\": \"Ask_Me_Colors\"}", "sendIntentNotRecognized": true}
Payload: {"sessionId": "default-porcupine_linux-65bcfa27-0f9a-401c-8016-758bd162d289", "text": "Could you say that one more time?", "intentFilter": ["Answer_Colors"], "customData": "{\"origin\": \"Ask_Me_Colors\"}", "sendIntentNotRecognized": true}
2025-30-06 00:02:17 - root - INFO - Logging configured.
Logging configured.
2025-30-06 00:02:17 - root - INFO - Calico Skill Service - Starting
Calico Skill Service - Starting
2025-30-06 00:02:17 - root - INFO - --- Starting Skill Loading Process ---
--- Starting Skill Loading Process ---
2025-30-06 00:02:17 - root - INFO - Attempting to load skill 'AskMeColorsSkill' from Ask_Me_Colors.py...
Attempting to load skill 'AskMeColorsSkill' from Ask_Me_Colors.py...
2025-30-06 00:02:17 - root - INFO - Successfully loaded skill 'AskMeColorsSkill'. Listening for intents: 'Ask_Me_Colors' and 'Answer_Colors'.
Successfully loaded skill 'AskMeColorsSkill'. Listening for intents: 'Ask_Me_Colors' and 'Answer_Colors'.
2025-30-06 00:02:17 - root - INFO - Attempting to load skill 'OpenGmailSkill' from Open_Gmail.py...
Attempting to load skill 'OpenGmailSkill' from Open_Gmail.py...
2025-30-06 00:02:17 - root - INFO - Successfully loaded skill 'OpenGmailSkill'. Listening for intents: 'Open_Gmail' and ''.
Successfully loaded skill 'OpenGmailSkill'. Listening for intents: 'Open_Gmail' and ''.
2025-30-06 00:02:17 - root - INFO - --- Skill Loading Complete ---
--- Skill Loading Complete ---
2025-30-06 00:02:17 - root - INFO - Attempting to connect to MQTT at localhost:1883...
Attempting to connect to MQTT at localhost:1883...
2025-30-06 00:02:17 - root - INFO - Successfully connected to MQTT broker.
Successfully connected to MQTT broker.
2025-30-06 00:02:17 - root - INFO - Subscribed to 'hermes/intent/#' and 'hermes/nlu/intentNotRecognized'.
Subscribed to 'hermes/intent/#' and 'hermes/nlu/intentNotRecognized'.
2025-30-06 00:03:12 - root - INFO - Received intent: 'Ask_Me_Colors'
Received intent: 'Ask_Me_Colors'
2025-30-06 00:03:12 - root - INFO - Dispatching intent 'Ask_Me_Colors' to skill 'AskMeColorsSkill'.
Dispatching intent 'Ask_Me_Colors' to skill 'AskMeColorsSkill'.
2025-30-06 00:03:12 - skill.Ask_Me_Colors - INFO - Handling intent for session: default-porcupine_linux-5bb01a90-627b-4961-b23a-f9d1cbb9347c, site: default
Handling intent for session: default-porcupine_linux-5bb01a90-627b-4961-b23a-f9d1cbb9347c, site: default
2025-30-06 00:03:12 - skill.Ask_Me_Colors - INFO - Starting 'Ask Me Colors' conversation.
Starting 'Ask Me Colors' conversation.
2025-30-06 00:03:12 - skill.Ask_Me_Colors - INFO - Continuing session default-porcupine_linux-5bb01a90-627b-4961-b23a-f9d1cbb9347c, asking: 'What is your favorite color?'
Continuing session default-porcupine_linux-5bb01a90-627b-4961-b23a-f9d1cbb9347c, asking: 'What is your favorite color?'
2025-30-06 00:03:12 - skill.Ask_Me_Colors - INFO - Publishing to MQTT topic: hermes/dialogueManager/continueSession
Publishing to MQTT topic: hermes/dialogueManager/continueSession
2025-30-06 00:03:12 - skill.Ask_Me_Colors - INFO - Payload: {"sessionId": "default-porcupine_linux-5bb01a90-627b-4961-b23a-f9d1cbb9347c", "text": "What is your favorite color?", "intentFilter": ["Answer_Colors"], "customData": "{\"origin\": \"Ask_Me_Colors\"}", "sendIntentNotRecognized": true}
Payload: {"sessionId": "default-porcupine_linux-5bb01a90-627b-4961-b23a-f9d1cbb9347c", "text": "What is your favorite color?", "intentFilter": ["Answer_Colors"], "customData": "{\"origin\": \"Ask_Me_Colors\"}", "sendIntentNotRecognized": true}
2025-30-06 00:03:18 - root - INFO - Received intent: 'Answer_Colors'
Received intent: 'Answer_Colors'
2025-30-06 00:03:18 - root - INFO - Dispatching intent 'Answer_Colors' to skill 'AskMeColorsSkill'.
Dispatching intent 'Answer_Colors' to skill 'AskMeColorsSkill'.
2025-30-06 00:03:18 - skill.Ask_Me_Colors - INFO - Handling intent for session: default-porcupine_linux-5bb01a90-627b-4961-b23a-f9d1cbb9347c, site: default
Handling intent for session: default-porcupine_linux-5bb01a90-627b-4961-b23a-f9d1cbb9347c, site: default
2025-30-06 00:03:18 - skill.Ask_Me_Colors - INFO - User responded with color: purple
User responded with color: purple
2025-30-06 00:03:18 - skill.Ask_Me_Colors - INFO - Speaking final response: 'Wow! purple is a great color. Mine is orange.'
Speaking final response: 'Wow! purple is a great color. Mine is orange.'
2025-30-06 00:03:18 - skill.Ask_Me_Colors - INFO - Publishing to MQTT topic: hermes/tts/say
Publishing to MQTT topic: hermes/tts/say
2025-30-06 00:03:18 - skill.Ask_Me_Colors - INFO - Payload: {"text": "Wow! purple is a great color. Mine is orange.", "siteId": "default"}
Payload: {"text": "Wow! purple is a great color. Mine is orange.", "siteId": "default"}
2025-30-06 00:03:18 - skill.Ask_Me_Colors - INFO - Ending session default-porcupine_linux-5bb01a90-627b-4961-b23a-f9d1cbb9347c
Ending session default-porcupine_linux-5bb01a90-627b-4961-b23a-f9d1cbb9347c
2025-30-06 00:03:18 - skill.Ask_Me_Colors - INFO - Publishing to MQTT topic: hermes/dialogueManager/endSession
Publishing to MQTT topic: hermes/dialogueManager/endSession
2025-30-06 00:03:18 - skill.Ask_Me_Colors - INFO - Payload: {"sessionId": "default-porcupine_linux-5bb01a90-627b-4961-b23a-f9d1cbb9347c", "text": ""}
Payload: {"sessionId": "default-porcupine_linux-5bb01a90-627b-4961-b23a-f9d1cbb9347c", "text": ""}
2025-30-06 00:03:18 - skill.Ask_Me_Colors - INFO - Session data cleared.
Session data cleared.
2025-30-06 00:03:18 - skill.Ask_Me_Colors - INFO - Conversation finished. Resetting state.
Conversation finished. Resetting state.
2025-30-06 11:13:32 - root - INFO - Logging configured.
2025-30-06 11:13:32 - root - INFO - Calico Skill Service - Starting
2025-30-06 11:13:32 - root - INFO - --- Starting Skill Loading Process ---
2025-30-06 11:13:32 - root - INFO - Attempting to load skill 'AskMeColorsSkill' from Ask_Me_Colors.py...
2025-30-06 11:13:32 - root - INFO - Successfully loaded skill 'AskMeColorsSkill'. Listening for intents: 'Ask_Me_Colors' and 'Answer_Colors'.
2025-30-06 11:13:32 - root - INFO - Attempting to load skill 'OpenGmailSkill' from Open_Gmail.py...
2025-30-06 11:13:32 - root - INFO - Successfully loaded skill 'OpenGmailSkill'. Listening for intents: 'Open_Gmail' and ''.
2025-30-06 11:13:32 - root - INFO - --- Skill Loading Complete ---
2025-30-06 11:13:32 - root - INFO - Attempting to connect to MQTT at localhost:1883...
2025-30-06 11:13:32 - root - INFO - Successfully connected to MQTT broker.
2025-30-06 11:13:32 - root - INFO - Subscribed to 'hermes/intent/#' and 'hermes/nlu/intentNotRecognized'.
2025-30-06 11:14:33 - root - INFO - Received intent: 'Ask_Me_Colors'
2025-30-06 11:14:33 - root - INFO - Dispatching intent 'Ask_Me_Colors' to skill 'AskMeColorsSkill'.
2025-30-06 11:14:33 - skill.Ask_Me_Colors - INFO - Handling intent for session: default-porcupine_linux-85ce463b-35c1-4fa9-b75e-63817f91ea9c, site: default
2025-30-06 11:14:33 - skill.Ask_Me_Colors - INFO - Starting 'Ask Me Colors' conversation.
2025-30-06 11:14:33 - skill.Ask_Me_Colors - INFO - Continuing session default-porcupine_linux-85ce463b-35c1-4fa9-b75e-63817f91ea9c, asking: 'What is your favorite color?'
2025-30-06 11:14:33 - skill.Ask_Me_Colors - INFO - Publishing to MQTT topic: hermes/dialogueManager/continueSession
2025-30-06 11:14:33 - skill.Ask_Me_Colors - INFO - Payload: {"sessionId": "default-porcupine_linux-85ce463b-35c1-4fa9-b75e-63817f91ea9c", "text": "What is your favorite color?", "intentFilter": ["Answer_Colors"], "customData": "{\"origin\": \"Ask_Me_Colors\"}", "sendIntentNotRecognized": true}
2025-30-06 11:14:39 - root - INFO - Received intent: 'Answer_Colors'
2025-30-06 11:14:39 - root - INFO - Dispatching intent 'Answer_Colors' to skill 'AskMeColorsSkill'.
2025-30-06 11:14:39 - skill.Ask_Me_Colors - INFO - Handling intent for session: default-porcupine_linux-85ce463b-35c1-4fa9-b75e-63817f91ea9c, site: default
2025-30-06 11:14:39 - skill.Ask_Me_Colors - INFO - User responded with color: red
2025-30-06 11:14:39 - skill.Ask_Me_Colors - INFO - Speaking final response: 'Wow! red is a great color. Mine is orange.'
2025-30-06 11:14:39 - skill.Ask_Me_Colors - INFO - Publishing to MQTT topic: hermes/tts/say
2025-30-06 11:14:39 - skill.Ask_Me_Colors - INFO - Payload: {"text": "Wow! red is a great color. Mine is orange.", "siteId": "default"}
2025-30-06 11:14:39 - skill.Ask_Me_Colors - INFO - Ending session default-porcupine_linux-85ce463b-35c1-4fa9-b75e-63817f91ea9c
2025-30-06 11:14:39 - skill.Ask_Me_Colors - INFO - Publishing to MQTT topic: hermes/dialogueManager/endSession
2025-30-06 11:14:39 - skill.Ask_Me_Colors - INFO - Payload: {"sessionId": "default-porcupine_linux-85ce463b-35c1-4fa9-b75e-63817f91ea9c", "text": ""}
2025-30-06 11:14:39 - skill.Ask_Me_Colors - INFO - Session data cleared.
2025-30-06 11:14:39 - skill.Ask_Me_Colors - INFO - Conversation finished. Resetting state.
2025-30-06 11:16:24 - root - WARNING - Intent not recognized for session: e0212cd9-4ed6-456b-b61e-97118ec966d8. Searching for active skill.
2025-30-06 11:16:24 - root - INFO - No active skill conversation found for this session.
2025-06-30 11:35:06 - root - INFO - Logging configured.
2025-06-30 11:35:06 - root - INFO - Logging configured.
2025-06-30 11:35:06 - root - INFO - Calico Skill Service - Starting
2025-06-30 11:35:06 - root - INFO - Calico Skill Service - Starting
2025-06-30 11:35:06 - root - INFO - --- Starting Skill Loading Process ---
2025-06-30 11:35:06 - root - INFO - --- Starting Skill Loading Process ---
2025-06-30 11:35:06 - root - INFO - Attempting to load skill 'AskMeColorsSkill' from Ask_Me_Colors.py...
2025-06-30 11:35:06 - root - INFO - Attempting to load skill 'AskMeColorsSkill' from Ask_Me_Colors.py...
2025-06-30 11:35:06 - root - INFO - Successfully loaded skill 'AskMeColorsSkill'. Listening for intents: 'Ask_Me_Colors' and 'Answer_Colors'.
2025-06-30 11:35:06 - root - INFO - Successfully loaded skill 'AskMeColorsSkill'. Listening for intents: 'Ask_Me_Colors' and 'Answer_Colors'.
2025-06-30 11:35:06 - root - INFO - Attempting to load skill 'OpenGmailSkill' from Open_Gmail.py...
2025-06-30 11:35:06 - root - INFO - Attempting to load skill 'OpenGmailSkill' from Open_Gmail.py...
2025-06-30 11:35:06 - root - INFO - Successfully loaded skill 'OpenGmailSkill'. Listening for intents: 'Open_Gmail' and ''.
2025-06-30 11:35:06 - root - INFO - Successfully loaded skill 'OpenGmailSkill'. Listening for intents: 'Open_Gmail' and ''.
2025-06-30 11:35:06 - root - INFO - --- Skill Loading Complete ---
2025-06-30 11:35:06 - root - INFO - --- Skill Loading Complete ---
2025-06-30 11:35:06 - root - INFO - Attempting to connect to MQTT at localhost:1883...
2025-06-30 11:35:06 - root - INFO - Attempting to connect to MQTT at localhost:1883...
2025-06-30 11:35:06 - root - INFO - Successfully connected to MQTT broker.
2025-06-30 11:35:06 - root - INFO - Successfully connected to MQTT broker.
2025-06-30 11:35:06 - root - INFO - Subscribed to 'hermes/intent/#' and 'hermes/nlu/intentNotRecognized'.
2025-06-30 11:35:06 - root - INFO - Subscribed to 'hermes/intent/#' and 'hermes/nlu/intentNotRecognized'.
2025-06-30 11:35:40 - root - INFO - Received intent: 'Open_Gmail'
2025-06-30 11:35:40 - root - INFO - Received intent: 'Open_Gmail'
2025-06-30 11:35:40 - root - INFO - Dispatching intent 'Open_Gmail' to skill 'OpenGmailSkill'.
2025-06-30 11:35:40 - root - INFO - Dispatching intent 'Open_Gmail' to skill 'OpenGmailSkill'.
2025-06-30 11:35:40 - skill.Open_Gmail - INFO - Handling intent for session: bdfd36b6-2a4e-4716-85fb-447b73dc9ed6, site: default
2025-06-30 11:35:40 - skill.Open_Gmail - INFO - Handling intent for session: bdfd36b6-2a4e-4716-85fb-447b73dc9ed6, site: default
2025-06-30 11:35:40 - skill.Open_Gmail - INFO - Attempting to open Gmail.
2025-06-30 11:35:40 - skill.Open_Gmail - INFO - Attempting to open Gmail.
2025-06-30 11:35:41 - skill.Open_Gmail - INFO - Successfully opened https://mail.google.com in browser.
2025-06-30 11:35:41 - skill.Open_Gmail - INFO - Successfully opened https://mail.google.com in browser.
2025-06-30 11:35:41 - skill.Open_Gmail - INFO - Speaking final response: 'Here is your inbox.'
2025-06-30 11:35:41 - skill.Open_Gmail - INFO - Speaking final response: 'Here is your inbox.'
2025-06-30 11:35:41 - skill.Open_Gmail - INFO - Publishing to MQTT topic: hermes/tts/say
2025-06-30 11:35:41 - skill.Open_Gmail - INFO - Publishing to MQTT topic: hermes/tts/say
2025-06-30 11:35:41 - skill.Open_Gmail - INFO - Payload: {"text": "Here is your inbox.", "siteId": "default"}
2025-06-30 11:35:41 - skill.Open_Gmail - INFO - Payload: {"text": "Here is your inbox.", "siteId": "default"}
2025-06-30 11:35:41 - skill.Open_Gmail - INFO - Ending session bdfd36b6-2a4e-4716-85fb-447b73dc9ed6
2025-06-30 11:35:41 - skill.Open_Gmail - INFO - Ending session bdfd36b6-2a4e-4716-85fb-447b73dc9ed6
2025-06-30 11:35:41 - skill.Open_Gmail - INFO - Publishing to MQTT topic: hermes/dialogueManager/endSession
2025-06-30 11:35:41 - skill.Open_Gmail - INFO - Publishing to MQTT topic: hermes/dialogueManager/endSession
2025-06-30 11:35:41 - skill.Open_Gmail - INFO - Payload: {"sessionId": "bdfd36b6-2a4e-4716-85fb-447b73dc9ed6", "text": ""}
2025-06-30 11:35:41 - skill.Open_Gmail - INFO - Payload: {"sessionId": "bdfd36b6-2a4e-4716-85fb-447b73dc9ed6", "text": ""}
2025-06-30 11:35:41 - skill.Open_Gmail - INFO - Session data cleared.
2025-06-30 11:35:41 - skill.Open_Gmail - INFO - Session data cleared.
2025-06-30 12:18:10 - root - INFO - Logging configured.
2025-06-30 12:18:10 - root - INFO - Logging configured.
2025-06-30 12:18:10 - root - INFO - Calico Skill Service - Starting
2025-06-30 12:18:10 - root - INFO - Calico Skill Service - Starting
2025-06-30 12:18:10 - root - INFO - --- Starting Skill Loading Process ---
2025-06-30 12:18:10 - root - INFO - --- Starting Skill Loading Process ---
2025-06-30 12:18:10 - root - INFO - Attempting to load skill 'AskMeColorsSkill' from Ask_Me_Colors.py...
2025-06-30 12:18:10 - root - INFO - Attempting to load skill 'AskMeColorsSkill' from Ask_Me_Colors.py...
2025-06-30 12:18:10 - root - INFO - Successfully loaded skill 'AskMeColorsSkill'. Listening for intents: 'Ask_Me_Colors' and 'Answer_Colors'.
2025-06-30 12:18:10 - root - INFO - Successfully loaded skill 'AskMeColorsSkill'. Listening for intents: 'Ask_Me_Colors' and 'Answer_Colors'.
2025-06-30 12:18:10 - root - INFO - Attempting to load skill 'OpenGmailSkill' from Open_Gmail.py...
2025-06-30 12:18:10 - root - INFO - Attempting to load skill 'OpenGmailSkill' from Open_Gmail.py...
2025-06-30 12:18:10 - root - INFO - Successfully loaded skill 'OpenGmailSkill'. Listening for intents: 'Open_Gmail' and ''.
2025-06-30 12:18:10 - root - INFO - Successfully loaded skill 'OpenGmailSkill'. Listening for intents: 'Open_Gmail' and ''.
2025-06-30 12:18:10 - root - INFO - Attempting to load skill 'LocalTempSkill' from Local_Temp.py...
2025-06-30 12:18:10 - root - INFO - Attempting to load skill 'LocalTempSkill' from Local_Temp.py...
Warning: Could not rotate log file /home/rhasspy/Documents/Calico/logs/skills/Local_Temp.log: [Errno 2] No such file or directory: '/home/rhasspy/Documents/Calico/logs/skills/Local_Temp.log'
2025-06-30 12:18:10 - root - INFO - Successfully loaded skill 'LocalTempSkill'. Listening for intents: 'Local_Temp' and ''.
2025-06-30 12:18:10 - root - INFO - Successfully loaded skill 'LocalTempSkill'. Listening for intents: 'Local_Temp' and ''.
2025-06-30 12:18:10 - root - INFO - Attempting to load skill 'OpenSettingsSkill' from Open_Settings.py...
2025-06-30 12:18:10 - root - INFO - Attempting to load skill 'OpenSettingsSkill' from Open_Settings.py...
Warning: Could not rotate log file /home/rhasspy/Documents/Calico/logs/skills/Open_Settings.log: [Errno 2] No such file or directory: '/home/rhasspy/Documents/Calico/logs/skills/Open_Settings.log'
2025-06-30 12:18:10 - root - INFO - Successfully loaded skill 'OpenSettingsSkill'. Listening for intents: 'Open_Settings' and ''.
2025-06-30 12:18:10 - root - INFO - Successfully loaded skill 'OpenSettingsSkill'. Listening for intents: 'Open_Settings' and ''.
2025-06-30 12:18:10 - root - INFO - --- Skill Loading Complete ---
2025-06-30 12:18:10 - root - INFO - --- Skill Loading Complete ---
2025-06-30 12:18:10 - root - INFO - Attempting to connect to MQTT at localhost:1883...
2025-06-30 12:18:10 - root - INFO - Attempting to connect to MQTT at localhost:1883...
2025-06-30 12:18:10 - root - INFO - Successfully connected to MQTT broker.
2025-06-30 12:18:10 - root - INFO - Successfully connected to MQTT broker.
2025-06-30 12:18:10 - root - INFO - Subscribed to 'hermes/intent/#' and 'hermes/nlu/intentNotRecognized'.
2025-06-30 12:18:10 - root - INFO - Subscribed to 'hermes/intent/#' and 'hermes/nlu/intentNotRecognized'.
2025-06-30 12:18:35 - root - INFO - Received intent: 'Local_Temp'
2025-06-30 12:18:35 - root - INFO - Received intent: 'Local_Temp'
2025-06-30 12:18:35 - root - INFO - Dispatching intent 'Local_Temp' to skill 'LocalTempSkill'.
2025-06-30 12:18:35 - root - INFO - Dispatching intent 'Local_Temp' to skill 'LocalTempSkill'.
2025-06-30 12:18:35 - skill.Local_Temp - INFO - Handling intent for session: default-porcupine_linux-7820fe07-dd0e-41a9-b8a5-ca894b7be74b, site: default
2025-06-30 12:18:35 - skill.Local_Temp - INFO - Handling intent for session: default-porcupine_linux-7820fe07-dd0e-41a9-b8a5-ca894b7be74b, site: default
2025-06-30 12:18:37 - skill.Local_Temp - INFO - Speaking final response: 'It's currently 85.1 degrees Fahrenheit in Morgantown, West Virginia.'
2025-06-30 12:18:37 - skill.Local_Temp - INFO - Speaking final response: 'It's currently 85.1 degrees Fahrenheit in Morgantown, West Virginia.'
2025-06-30 12:18:37 - skill.Local_Temp - INFO - Publishing to MQTT topic: hermes/tts/say
2025-06-30 12:18:37 - skill.Local_Temp - INFO - Publishing to MQTT topic: hermes/tts/say
2025-06-30 12:18:37 - skill.Local_Temp - INFO - Payload: {"text": "It's currently 85.1 degrees Fahrenheit in Morgantown, West Virginia.", "siteId": "default"}
2025-06-30 12:18:37 - skill.Local_Temp - INFO - Payload: {"text": "It's currently 85.1 degrees Fahrenheit in Morgantown, West Virginia.", "siteId": "default"}
2025-06-30 12:18:37 - skill.Local_Temp - INFO - Ending session default-porcupine_linux-7820fe07-dd0e-41a9-b8a5-ca894b7be74b
2025-06-30 12:18:37 - skill.Local_Temp - INFO - Ending session default-porcupine_linux-7820fe07-dd0e-41a9-b8a5-ca894b7be74b
2025-06-30 12:18:37 - skill.Local_Temp - INFO - Publishing to MQTT topic: hermes/dialogueManager/endSession
2025-06-30 12:18:37 - skill.Local_Temp - INFO - Publishing to MQTT topic: hermes/dialogueManager/endSession
2025-06-30 12:18:37 - skill.Local_Temp - INFO - Payload: {"sessionId": "default-porcupine_linux-7820fe07-dd0e-41a9-b8a5-ca894b7be74b", "text": ""}
2025-06-30 12:18:37 - skill.Local_Temp - INFO - Payload: {"sessionId": "default-porcupine_linux-7820fe07-dd0e-41a9-b8a5-ca894b7be74b", "text": ""}
2025-06-30 12:18:37 - skill.Local_Temp - INFO - Session data cleared.
2025-06-30 12:18:37 - skill.Local_Temp - INFO - Session data cleared.
2025-06-30 12:18:37 - skill.Local_Temp - INFO - Successfully provided local temperature to the user.
2025-06-30 12:18:37 - skill.Local_Temp - INFO - Successfully provided local temperature to the user.
2025-06-30 12:29:32 - root - INFO - Logging configured.
2025-06-30 12:29:32 - root - INFO - Logging configured.
2025-06-30 12:29:32 - root - INFO - Calico Skill Service - Starting
2025-06-30 12:29:32 - root - INFO - Calico Skill Service - Starting
2025-06-30 12:29:32 - root - INFO - --- Starting Skill Loading Process ---
2025-06-30 12:29:32 - root - INFO - --- Starting Skill Loading Process ---
2025-06-30 12:29:32 - root - INFO - Attempting to load skill 'TellTimeSkill' from Tell_Time.py...
2025-06-30 12:29:32 - root - INFO - Attempting to load skill 'TellTimeSkill' from Tell_Time.py...
Warning: Could not rotate log file /home/rhasspy/Documents/Calico/logs/skills/Tell_Time.log: [Errno 2] No such file or directory: '/home/rhasspy/Documents/Calico/logs/skills/Tell_Time.log'
2025-06-30 12:29:32 - root - INFO - Successfully loaded skill 'TellTimeSkill'. Listening for intents: 'Tell_Time' and ''.
2025-06-30 12:29:32 - root - INFO - Successfully loaded skill 'TellTimeSkill'. Listening for intents: 'Tell_Time' and ''.
2025-06-30 12:29:32 - root - INFO - Attempting to load skill 'AskMeColorsSkill' from Ask_Me_Colors.py...
2025-06-30 12:29:32 - root - INFO - Attempting to load skill 'AskMeColorsSkill' from Ask_Me_Colors.py...
2025-06-30 12:29:32 - root - INFO - Successfully loaded skill 'AskMeColorsSkill'. Listening for intents: 'Ask_Me_Colors' and 'Answer_Colors'.
2025-06-30 12:29:32 - root - INFO - Successfully loaded skill 'AskMeColorsSkill'. Listening for intents: 'Ask_Me_Colors' and 'Answer_Colors'.
2025-06-30 12:29:32 - root - INFO - Attempting to load skill 'OpenGmailSkill' from Open_Gmail.py...
2025-06-30 12:29:32 - root - INFO - Attempting to load skill 'OpenGmailSkill' from Open_Gmail.py...
2025-06-30 12:29:32 - root - INFO - Successfully loaded skill 'OpenGmailSkill'. Listening for intents: 'Open_Gmail' and ''.
2025-06-30 12:29:32 - root - INFO - Successfully loaded skill 'OpenGmailSkill'. Listening for intents: 'Open_Gmail' and ''.
2025-06-30 12:29:32 - root - INFO - Attempting to load skill 'LocalTempSkill' from Local_Temp.py...
2025-06-30 12:29:32 - root - INFO - Attempting to load skill 'LocalTempSkill' from Local_Temp.py...
2025-06-30 12:29:32 - root - INFO - Successfully loaded skill 'LocalTempSkill'. Listening for intents: 'Local_Temp' and ''.
2025-06-30 12:29:32 - root - INFO - Successfully loaded skill 'LocalTempSkill'. Listening for intents: 'Local_Temp' and ''.
2025-06-30 12:29:32 - root - INFO - Attempting to load skill 'OpenSettingsSkill' from Open_Settings.py...
2025-06-30 12:29:32 - root - INFO - Attempting to load skill 'OpenSettingsSkill' from Open_Settings.py...
2025-06-30 12:29:32 - root - INFO - Successfully loaded skill 'OpenSettingsSkill'. Listening for intents: 'Open_Settings' and ''.
2025-06-30 12:29:32 - root - INFO - Successfully loaded skill 'OpenSettingsSkill'. Listening for intents: 'Open_Settings' and ''.
2025-06-30 12:29:32 - root - INFO - --- Skill Loading Complete ---
2025-06-30 12:29:32 - root - INFO - --- Skill Loading Complete ---
2025-06-30 12:29:32 - root - INFO - Attempting to connect to MQTT at localhost:1883...
2025-06-30 12:29:32 - root - INFO - Attempting to connect to MQTT at localhost:1883...
2025-06-30 12:29:32 - root - INFO - Successfully connected to MQTT broker.
2025-06-30 12:29:32 - root - INFO - Successfully connected to MQTT broker.
2025-06-30 12:29:32 - root - INFO - Subscribed to 'hermes/intent/#' and 'hermes/nlu/intentNotRecognized'.
2025-06-30 12:29:32 - root - INFO - Subscribed to 'hermes/intent/#' and 'hermes/nlu/intentNotRecognized'.
2025-06-30 12:29:46 - root - INFO - Received intent: 'Tell_Time'
2025-06-30 12:29:46 - root - INFO - Received intent: 'Tell_Time'
2025-06-30 12:29:46 - root - INFO - Dispatching intent 'Tell_Time' to skill 'TellTimeSkill'.
2025-06-30 12:29:46 - root - INFO - Dispatching intent 'Tell_Time' to skill 'TellTimeSkill'.
2025-06-30 12:29:46 - skill.Tell_Time - INFO - Handling intent for session: default-porcupine_linux-dbaa4087-37fa-418f-a32f-e4703cc20d32, site: default
2025-06-30 12:29:46 - skill.Tell_Time - INFO - Handling intent for session: default-porcupine_linux-dbaa4087-37fa-418f-a32f-e4703cc20d32, site: default
2025-06-30 12:29:46 - skill.Tell_Time - INFO - Speaking final response: 'It is currently 12:29 29, pee em.'
2025-06-30 12:29:46 - skill.Tell_Time - INFO - Speaking final response: 'It is currently 12:29 29, pee em.'
2025-06-30 12:29:46 - skill.Tell_Time - INFO - Publishing to MQTT topic: hermes/tts/say
2025-06-30 12:29:46 - skill.Tell_Time - INFO - Publishing to MQTT topic: hermes/tts/say
2025-06-30 12:29:46 - skill.Tell_Time - INFO - Payload: {"text": "It is currently 12:29 29, pee em.", "siteId": "default"}
2025-06-30 12:29:46 - skill.Tell_Time - INFO - Payload: {"text": "It is currently 12:29 29, pee em.", "siteId": "default"}
2025-06-30 12:29:46 - skill.Tell_Time - INFO - Ending session default-porcupine_linux-dbaa4087-37fa-418f-a32f-e4703cc20d32
2025-06-30 12:29:46 - skill.Tell_Time - INFO - Ending session default-porcupine_linux-dbaa4087-37fa-418f-a32f-e4703cc20d32
2025-06-30 12:29:46 - skill.Tell_Time - INFO - Publishing to MQTT topic: hermes/dialogueManager/endSession
2025-06-30 12:29:46 - skill.Tell_Time - INFO - Publishing to MQTT topic: hermes/dialogueManager/endSession
2025-06-30 12:29:46 - skill.Tell_Time - INFO - Payload: {"sessionId": "default-porcupine_linux-dbaa4087-37fa-418f-a32f-e4703cc20d32", "text": ""}
2025-06-30 12:29:46 - skill.Tell_Time - INFO - Payload: {"sessionId": "default-porcupine_linux-dbaa4087-37fa-418f-a32f-e4703cc20d32", "text": ""}
2025-06-30 12:29:46 - skill.Tell_Time - INFO - Session data cleared.
2025-06-30 12:29:46 - skill.Tell_Time - INFO - Session data cleared.
2025-06-30 12:29:46 - skill.Tell_Time - INFO - Successfully spoke the current time to the user.
2025-06-30 12:29:46 - skill.Tell_Time - INFO - Successfully spoke the current time to the user.
2025-06-30 12:31:26 - root - INFO - Logging configured.
2025-06-30 12:31:26 - root - INFO - Logging configured.
2025-06-30 12:31:26 - root - INFO - Calico Skill Service - Starting
2025-06-30 12:31:26 - root - INFO - Calico Skill Service - Starting
2025-06-30 12:31:26 - root - INFO - --- Starting Skill Loading Process ---
2025-06-30 12:31:26 - root - INFO - --- Starting Skill Loading Process ---
2025-06-30 12:31:26 - root - INFO - Attempting to load skill 'TellTimeSkill' from Tell_Time.py...
2025-06-30 12:31:26 - root - INFO - Attempting to load skill 'TellTimeSkill' from Tell_Time.py...
2025-06-30 12:31:26 - root - INFO - Successfully loaded skill 'TellTimeSkill'. Listening for intents: 'Tell_Time' and ''.
2025-06-30 12:31:26 - root - INFO - Successfully loaded skill 'TellTimeSkill'. Listening for intents: 'Tell_Time' and ''.
2025-06-30 12:31:26 - root - INFO - Attempting to load skill 'AskMeColorsSkill' from Ask_Me_Colors.py...
2025-06-30 12:31:26 - root - INFO - Attempting to load skill 'AskMeColorsSkill' from Ask_Me_Colors.py...
2025-06-30 12:31:26 - root - INFO - Successfully loaded skill 'AskMeColorsSkill'. Listening for intents: 'Ask_Me_Colors' and 'Answer_Colors'.
2025-06-30 12:31:26 - root - INFO - Successfully loaded skill 'AskMeColorsSkill'. Listening for intents: 'Ask_Me_Colors' and 'Answer_Colors'.
2025-06-30 12:31:26 - root - INFO - Attempting to load skill 'OpenGmailSkill' from Open_Gmail.py...
2025-06-30 12:31:26 - root - INFO - Attempting to load skill 'OpenGmailSkill' from Open_Gmail.py...
2025-06-30 12:31:26 - root - INFO - Successfully loaded skill 'OpenGmailSkill'. Listening for intents: 'Open_Gmail' and ''.
2025-06-30 12:31:26 - root - INFO - Successfully loaded skill 'OpenGmailSkill'. Listening for intents: 'Open_Gmail' and ''.
2025-06-30 12:31:26 - root - INFO - Attempting to load skill 'LocalTempSkill' from Local_Temp.py...
2025-06-30 12:31:26 - root - INFO - Attempting to load skill 'LocalTempSkill' from Local_Temp.py...
2025-06-30 12:31:26 - root - INFO - Successfully loaded skill 'LocalTempSkill'. Listening for intents: 'Local_Temp' and ''.
2025-06-30 12:31:26 - root - INFO - Successfully loaded skill 'LocalTempSkill'. Listening for intents: 'Local_Temp' and ''.
2025-06-30 12:31:26 - root - INFO - Attempting to load skill 'OpenSettingsSkill' from Open_Settings.py...
2025-06-30 12:31:26 - root - INFO - Attempting to load skill 'OpenSettingsSkill' from Open_Settings.py...
2025-06-30 12:31:26 - root - INFO - Successfully loaded skill 'OpenSettingsSkill'. Listening for intents: 'Open_Settings' and ''.
2025-06-30 12:31:26 - root - INFO - Successfully loaded skill 'OpenSettingsSkill'. Listening for intents: 'Open_Settings' and ''.
2025-06-30 12:31:26 - root - INFO - --- Skill Loading Complete ---
2025-06-30 12:31:26 - root - INFO - --- Skill Loading Complete ---
2025-06-30 12:31:26 - root - INFO - Attempting to connect to MQTT at localhost:1883...
2025-06-30 12:31:26 - root - INFO - Attempting to connect to MQTT at localhost:1883...
2025-06-30 12:31:26 - root - INFO - Successfully connected to MQTT broker.
2025-06-30 12:31:26 - root - INFO - Successfully connected to MQTT broker.
2025-06-30 12:31:26 - root - INFO - Subscribed to 'hermes/intent/#' and 'hermes/nlu/intentNotRecognized'.
2025-06-30 12:31:26 - root - INFO - Subscribed to 'hermes/intent/#' and 'hermes/nlu/intentNotRecognized'.
2025-06-30 12:31:58 - root - INFO - Received intent: 'Open_Settings'
2025-06-30 12:31:58 - root - INFO - Received intent: 'Open_Settings'
2025-06-30 12:31:58 - root - INFO - Dispatching intent 'Open_Settings' to skill 'OpenSettingsSkill'.
2025-06-30 12:31:58 - root - INFO - Dispatching intent 'Open_Settings' to skill 'OpenSettingsSkill'.
2025-06-30 12:31:58 - skill.Open_Settings - INFO - Handling intent for session: default-porcupine_linux-08261f93-e85f-4afc-94c9-fd30be506b5d, site: default
2025-06-30 12:31:58 - skill.Open_Settings - INFO - Handling intent for session: default-porcupine_linux-08261f93-e85f-4afc-94c9-fd30be506b5d, site: default
2025-06-30 12:31:58 - skill.Open_Settings - INFO - Attempting to open settings GUI.
2025-06-30 12:31:58 - skill.Open_Settings - INFO - Attempting to open settings GUI.
2025-06-30 12:31:58 - skill.Open_Settings - INFO - Successfully opened settings.
2025-06-30 12:31:58 - skill.Open_Settings - INFO - Successfully opened settings.
2025-06-30 12:31:58 - skill.Open_Settings - INFO - Speaking final response: 'Opening settings.'
2025-06-30 12:31:58 - skill.Open_Settings - INFO - Speaking final response: 'Opening settings.'
2025-06-30 12:31:58 - skill.Open_Settings - INFO - Publishing to MQTT topic: hermes/tts/say
2025-06-30 12:31:58 - skill.Open_Settings - INFO - Publishing to MQTT topic: hermes/tts/say
2025-06-30 12:31:58 - skill.Open_Settings - INFO - Payload: {"text": "Opening settings.", "siteId": "default"}
2025-06-30 12:31:58 - skill.Open_Settings - INFO - Payload: {"text": "Opening settings.", "siteId": "default"}
2025-06-30 12:31:58 - skill.Open_Settings - INFO - Ending session default-porcupine_linux-08261f93-e85f-4afc-94c9-fd30be506b5d
2025-06-30 12:31:58 - skill.Open_Settings - INFO - Ending session default-porcupine_linux-08261f93-e85f-4afc-94c9-fd30be506b5d
2025-06-30 12:31:58 - skill.Open_Settings - INFO - Publishing to MQTT topic: hermes/dialogueManager/endSession
2025-06-30 12:31:58 - skill.Open_Settings - INFO - Publishing to MQTT topic: hermes/dialogueManager/endSession
2025-06-30 12:31:58 - skill.Open_Settings - INFO - Payload: {"sessionId": "default-porcupine_linux-08261f93-e85f-4afc-94c9-fd30be506b5d", "text": ""}
2025-06-30 12:31:58 - skill.Open_Settings - INFO - Payload: {"sessionId": "default-porcupine_linux-08261f93-e85f-4afc-94c9-fd30be506b5d", "text": ""}
2025-06-30 12:31:58 - skill.Open_Settings - INFO - Session data cleared.
2025-06-30 12:31:58 - skill.Open_Settings - INFO - Session data cleared.
