2025-06-29 23:39:02,797 - skill.Ask_Me_Colors - INFO - Handling intent for session: b82b2266-bac5-420a-b2ae-97bbe599038d, site: default
2025-06-29 23:39:02,797 - skill.Ask_Me_Colors - INFO - Starting 'Ask Me Colors' conversation.
2025-06-29 23:39:02,797 - skill.Ask_Me_Colors - INFO - Continuing session b82b2266-bac5-420a-b2ae-97bbe599038d, asking: 'What is your favorite color?'
2025-06-29 23:39:02,797 - skill.Ask_Me_Colors - INFO - Publishing to MQTT topic: hermes/dialogueManager/continueSession
2025-06-29 23:41:33,660 - skill.Ask_Me_Colors - INFO - Handling intent for session: 165a25a7-ed52-47a9-b5d7-27d906f10433, site: default
2025-06-29 23:41:33,660 - skill.Ask_Me_Colors - INFO - Starting 'Ask Me Colors' conversation.
2025-06-29 23:41:33,661 - skill.Ask_Me_Colors - INFO - Continuing session 165a25a7-ed52-47a9-b5d7-27d906f10433, asking: 'What is your favorite color?'
2025-06-29 23:41:33,661 - skill.Ask_Me_Colors - INFO - Publishing to MQTT topic: hermes/dialogueManager/continueSession
2025-06-29 23:41:33,661 - skill.Ask_Me_Colors - INFO - Payload: {"sessionId": "165a25a7-ed52-47a9-b5d7-27d906f10433", "text": "What is your favorite color?", "intentFilter": ["Answer_Colors"], "customData": "{\"origin\": \"Ask_Me_Colors\"}", "sendIntentNotRecognized": true}
2025-06-29 23:48:07,509 - skill.Ask_Me_Colors - INFO - Handling intent for session: 9edb93da-dcad-4826-bd0e-e0fcf5c5ad2c, site: default
2025-06-29 23:48:07,509 - skill.Ask_Me_Colors - INFO - Starting 'Ask Me Colors' conversation.
2025-06-29 23:48:07,509 - skill.Ask_Me_Colors - INFO - Continuing session 9edb93da-dcad-4826-bd0e-e0fcf5c5ad2c, asking: 'What is your favorite color?'
2025-06-29 23:48:07,509 - skill.Ask_Me_Colors - INFO - Publishing to MQTT topic: hermes/dialogueManager/continueSession
2025-06-29 23:48:07,509 - skill.Ask_Me_Colors - INFO - Payload: {"sessionId": "9edb93da-dcad-4826-bd0e-e0fcf5c5ad2c", "text": "What is your favorite color?", "intentFilter": ["Answer_Colors"], "customData": "{\"origin\": \"Ask_Me_Colors\"}", "sendIntentNotRecognized": true}
2025-06-29 23:50:04,207 - skill.Ask_Me_Colors - INFO - Handling intent for session: default-porcupine_linux-dbf7e769-ddde-42b2-a884-bcdf2afd5b1f, site: default
2025-06-29 23:59:00,225 - skill.Ask_Me_Colors - INFO - Handling intent for session: 1ab67c4d-fa56-43d6-82a9-765fe29e393c, site: default
2025-06-30 00:00:51,750 - skill.Ask_Me_Colors - INFO - Handling intent for session: default-porcupine_linux-65bcfa27-0f9a-401c-8016-758bd162d289, site: default
2025-06-30 00:00:51,750 - skill.Ask_Me_Colors - INFO - Starting 'Ask Me Colors' conversation.
2025-06-30 00:00:51,750 - skill.Ask_Me_Colors - INFO - Continuing session default-porcupine_linux-65bcfa27-0f9a-401c-8016-758bd162d289, asking: 'What is your favorite color?'
2025-06-30 00:00:51,750 - skill.Ask_Me_Colors - INFO - Publishing to MQTT topic: hermes/dialogueManager/continueSession
2025-06-30 00:00:51,751 - skill.Ask_Me_Colors - INFO - Payload: {"sessionId": "default-porcupine_linux-65bcfa27-0f9a-401c-8016-758bd162d289", "text": "What is your favorite color?", "intentFilter": ["Answer_Colors"], "customData": "{\"origin\": \"Ask_Me_Colors\"}", "sendIntentNotRecognized": true}
2025-06-30 00:01:00,757 - skill.Ask_Me_Colors - WARNING - Intent not recognized. Retry attempt 1/5.
2025-06-30 00:01:00,757 - skill.Ask_Me_Colors - INFO - Continuing session default-porcupine_linux-65bcfa27-0f9a-401c-8016-758bd162d289, asking: 'I'm having a little trouble understanding. What was that?'
2025-06-30 00:01:00,757 - skill.Ask_Me_Colors - INFO - Publishing to MQTT topic: hermes/dialogueManager/continueSession
2025-06-30 00:01:00,757 - skill.Ask_Me_Colors - INFO - Payload: {"sessionId": "default-porcupine_linux-65bcfa27-0f9a-401c-8016-758bd162d289", "text": "I'm having a little trouble understanding. What was that?", "intentFilter": ["Answer_Colors"], "customData": "{\"origin\": \"Ask_Me_Colors\"}", "sendIntentNotRecognized": true}
2025-06-30 00:01:13,223 - skill.Ask_Me_Colors - WARNING - Intent not recognized. Retry attempt 2/5.
2025-06-30 00:01:13,223 - skill.Ask_Me_Colors - INFO - Continuing session default-porcupine_linux-65bcfa27-0f9a-401c-8016-758bd162d289, asking: 'I didn't quite get that. Please repeat yourself.'
2025-06-30 00:01:13,223 - skill.Ask_Me_Colors - INFO - Publishing to MQTT topic: hermes/dialogueManager/continueSession
2025-06-30 00:01:13,223 - skill.Ask_Me_Colors - INFO - Payload: {"sessionId": "default-porcupine_linux-65bcfa27-0f9a-401c-8016-758bd162d289", "text": "I didn't quite get that. Please repeat yourself.", "intentFilter": ["Answer_Colors"], "customData": "{\"origin\": \"Ask_Me_Colors\"}", "sendIntentNotRecognized": true}
2025-06-30 00:01:27,957 - skill.Ask_Me_Colors - WARNING - Intent not recognized. Retry attempt 3/5.
2025-06-30 00:01:27,957 - skill.Ask_Me_Colors - INFO - Continuing session default-porcupine_linux-65bcfa27-0f9a-401c-8016-758bd162d289, asking: 'I'm having a little trouble understanding. What was that?'
2025-06-30 00:01:27,957 - skill.Ask_Me_Colors - INFO - Publishing to MQTT topic: hermes/dialogueManager/continueSession
2025-06-30 00:01:27,957 - skill.Ask_Me_Colors - INFO - Payload: {"sessionId": "default-porcupine_linux-65bcfa27-0f9a-401c-8016-758bd162d289", "text": "I'm having a little trouble understanding. What was that?", "intentFilter": ["Answer_Colors"], "customData": "{\"origin\": \"Ask_Me_Colors\"}", "sendIntentNotRecognized": true}
2025-06-30 00:01:37,847 - skill.Ask_Me_Colors - WARNING - Intent not recognized. Retry attempt 4/5.
2025-06-30 00:01:37,847 - skill.Ask_Me_Colors - INFO - Continuing session default-porcupine_linux-65bcfa27-0f9a-401c-8016-758bd162d289, asking: 'Could you say that one more time?'
2025-06-30 00:01:37,847 - skill.Ask_Me_Colors - INFO - Publishing to MQTT topic: hermes/dialogueManager/continueSession
2025-06-30 00:01:37,847 - skill.Ask_Me_Colors - INFO - Payload: {"sessionId": "default-porcupine_linux-65bcfa27-0f9a-401c-8016-758bd162d289", "text": "Could you say that one more time?", "intentFilter": ["Answer_Colors"], "customData": "{\"origin\": \"Ask_Me_Colors\"}", "sendIntentNotRecognized": true}
2025-06-30 00:03:12,582 - skill.Ask_Me_Colors - INFO - Handling intent for session: default-porcupine_linux-5bb01a90-627b-4961-b23a-f9d1cbb9347c, site: default
2025-06-30 00:03:12,582 - skill.Ask_Me_Colors - INFO - Starting 'Ask Me Colors' conversation.
2025-06-30 00:03:12,582 - skill.Ask_Me_Colors - INFO - Continuing session default-porcupine_linux-5bb01a90-627b-4961-b23a-f9d1cbb9347c, asking: 'What is your favorite color?'
2025-06-30 00:03:12,582 - skill.Ask_Me_Colors - INFO - Publishing to MQTT topic: hermes/dialogueManager/continueSession
2025-06-30 00:03:12,583 - skill.Ask_Me_Colors - INFO - Payload: {"sessionId": "default-porcupine_linux-5bb01a90-627b-4961-b23a-f9d1cbb9347c", "text": "What is your favorite color?", "intentFilter": ["Answer_Colors"], "customData": "{\"origin\": \"Ask_Me_Colors\"}", "sendIntentNotRecognized": true}
2025-06-30 00:03:18,682 - skill.Ask_Me_Colors - INFO - Handling intent for session: default-porcupine_linux-5bb01a90-627b-4961-b23a-f9d1cbb9347c, site: default
2025-06-30 00:03:18,682 - skill.Ask_Me_Colors - INFO - User responded with color: purple
2025-06-30 00:03:18,682 - skill.Ask_Me_Colors - INFO - Speaking final response: 'Wow! purple is a great color. Mine is orange.'
2025-06-30 00:03:18,682 - skill.Ask_Me_Colors - INFO - Publishing to MQTT topic: hermes/tts/say
2025-06-30 00:03:18,682 - skill.Ask_Me_Colors - INFO - Payload: {"text": "Wow! purple is a great color. Mine is orange.", "siteId": "default"}
2025-06-30 00:03:18,682 - skill.Ask_Me_Colors - INFO - Ending session default-porcupine_linux-5bb01a90-627b-4961-b23a-f9d1cbb9347c
2025-06-30 00:03:18,682 - skill.Ask_Me_Colors - INFO - Publishing to MQTT topic: hermes/dialogueManager/endSession
2025-06-30 00:03:18,682 - skill.Ask_Me_Colors - INFO - Payload: {"sessionId": "default-porcupine_linux-5bb01a90-627b-4961-b23a-f9d1cbb9347c", "text": ""}
2025-06-30 00:03:18,682 - skill.Ask_Me_Colors - INFO - Session data cleared.
2025-06-30 00:03:18,682 - skill.Ask_Me_Colors - INFO - Conversation finished. Resetting state.
2025-06-30 11:14:33,799 - skill.Ask_Me_Colors - INFO - Handling intent for session: default-porcupine_linux-85ce463b-35c1-4fa9-b75e-63817f91ea9c, site: default
2025-06-30 11:14:33,799 - skill.Ask_Me_Colors - INFO - Starting 'Ask Me Colors' conversation.
2025-06-30 11:14:33,799 - skill.Ask_Me_Colors - INFO - Continuing session default-porcupine_linux-85ce463b-35c1-4fa9-b75e-63817f91ea9c, asking: 'What is your favorite color?'
2025-06-30 11:14:33,799 - skill.Ask_Me_Colors - INFO - Publishing to MQTT topic: hermes/dialogueManager/continueSession
2025-06-30 11:14:33,799 - skill.Ask_Me_Colors - INFO - Payload: {"sessionId": "default-porcupine_linux-85ce463b-35c1-4fa9-b75e-63817f91ea9c", "text": "What is your favorite color?", "intentFilter": ["Answer_Colors"], "customData": "{\"origin\": \"Ask_Me_Colors\"}", "sendIntentNotRecognized": true}
2025-06-30 11:14:39,419 - skill.Ask_Me_Colors - INFO - Handling intent for session: default-porcupine_linux-85ce463b-35c1-4fa9-b75e-63817f91ea9c, site: default
2025-06-30 11:14:39,419 - skill.Ask_Me_Colors - INFO - User responded with color: red
2025-06-30 11:14:39,419 - skill.Ask_Me_Colors - INFO - Speaking final response: 'Wow! red is a great color. Mine is orange.'
2025-06-30 11:14:39,419 - skill.Ask_Me_Colors - INFO - Publishing to MQTT topic: hermes/tts/say
2025-06-30 11:14:39,420 - skill.Ask_Me_Colors - INFO - Payload: {"text": "Wow! red is a great color. Mine is orange.", "siteId": "default"}
2025-06-30 11:14:39,420 - skill.Ask_Me_Colors - INFO - Ending session default-porcupine_linux-85ce463b-35c1-4fa9-b75e-63817f91ea9c
2025-06-30 11:14:39,420 - skill.Ask_Me_Colors - INFO - Publishing to MQTT topic: hermes/dialogueManager/endSession
2025-06-30 11:14:39,420 - skill.Ask_Me_Colors - INFO - Payload: {"sessionId": "default-porcupine_linux-85ce463b-35c1-4fa9-b75e-63817f91ea9c", "text": ""}
2025-06-30 11:14:39,420 - skill.Ask_Me_Colors - INFO - Session data cleared.
2025-06-30 11:14:39,420 - skill.Ask_Me_Colors - INFO - Conversation finished. Resetting state.
