2025-06-29 23:38:18,625 - skill.Open_Gmail - INFO - Handling intent for session: c52bd87e-07ae-4543-9c68-11cbf107d9fe, site: default
2025-06-29 23:38:18,625 - skill.Open_Gmail - INFO - Attempting to open Gmail.
2025-06-29 23:38:19,001 - skill.Open_Gmail - INFO - Successfully opened https://mail.google.com in browser.
2025-06-29 23:38:19,002 - skill.Open_Gmail - INFO - Speaking final response: 'Here is your inbox.'
2025-06-29 23:38:19,002 - skill.Open_Gmail - INFO - Publishing to MQTT topic: hermes/tts/say
2025-06-29 23:38:19,002 - skill.Open_Gmail - INFO - Ending session c52bd87e-07ae-4543-9c68-11cbf107d9fe
2025-06-29 23:38:19,002 - skill.Open_Gmail - INFO - Publishing to MQTT topic: hermes/dialogueManager/endSession
2025-06-29 23:38:19,002 - skill.Open_Gmail - INFO - Session data cleared.
2025-06-29 23:38:43,413 - skill.Open_Gmail - INFO - Handling intent for session: f3551851-8335-4d36-b483-707db9a302dc, site: default
2025-06-29 23:38:43,413 - skill.Open_Gmail - INFO - Attempting to open Gmail.
2025-06-29 23:38:43,707 - skill.Open_Gmail - INFO - Successfully opened https://mail.google.com in browser.
2025-06-29 23:38:43,707 - skill.Open_Gmail - INFO - Speaking final response: 'Here is your inbox.'
2025-06-29 23:38:43,707 - skill.Open_Gmail - INFO - Publishing to MQTT topic: hermes/tts/say
2025-06-29 23:38:43,707 - skill.Open_Gmail - INFO - Ending session f3551851-8335-4d36-b483-707db9a302dc
2025-06-29 23:38:43,707 - skill.Open_Gmail - INFO - Publishing to MQTT topic: hermes/dialogueManager/endSession
2025-06-29 23:38:43,707 - skill.Open_Gmail - INFO - Session data cleared.
2025-06-29 23:43:35,097 - skill.Open_Gmail - INFO - Handling intent for session: e8df6711-9dfb-4d77-978b-93d747c95889, site: default
2025-06-29 23:43:35,098 - skill.Open_Gmail - INFO - Attempting to open Gmail.
2025-06-29 23:43:35,406 - skill.Open_Gmail - INFO - Successfully opened https://mail.google.com in browser.
2025-06-29 23:43:35,406 - skill.Open_Gmail - INFO - Speaking final response: 'Here is your inbox.'
2025-06-29 23:43:35,406 - skill.Open_Gmail - INFO - Publishing to MQTT topic: hermes/tts/say
2025-06-29 23:43:35,406 - skill.Open_Gmail - INFO - Payload: {"text": "Here is your inbox.", "siteId": "default"}
2025-06-29 23:43:35,407 - skill.Open_Gmail - INFO - Ending session e8df6711-9dfb-4d77-978b-93d747c95889
2025-06-29 23:43:35,407 - skill.Open_Gmail - INFO - Publishing to MQTT topic: hermes/dialogueManager/endSession
2025-06-29 23:43:35,407 - skill.Open_Gmail - INFO - Payload: {"sessionId": "e8df6711-9dfb-4d77-978b-93d747c95889", "text": ""}
2025-06-29 23:43:35,407 - skill.Open_Gmail - INFO - Session data cleared.
2025-06-29 23:53:08,924 - skill.Open_Gmail - INFO - Handling intent for session: default-porcupine_linux-a0d38670-9a3b-4308-8a66-22042f7291fc, site: default
2025-06-29 23:53:08,924 - skill.Open_Gmail - INFO - Attempting to open Gmail.
2025-06-29 23:53:09,142 - skill.Open_Gmail - INFO - Successfully opened https://mail.google.com in browser.
2025-06-29 23:53:09,142 - skill.Open_Gmail - INFO - Speaking final response: 'Here is your inbox.'
2025-06-29 23:53:09,142 - skill.Open_Gmail - INFO - Publishing to MQTT topic: hermes/tts/say
2025-06-29 23:53:09,142 - skill.Open_Gmail - INFO - Payload: {"text": "Here is your inbox.", "siteId": "default"}
2025-06-29 23:53:09,142 - skill.Open_Gmail - INFO - Ending session default-porcupine_linux-a0d38670-9a3b-4308-8a66-22042f7291fc
2025-06-29 23:53:09,142 - skill.Open_Gmail - INFO - Publishing to MQTT topic: hermes/dialogueManager/endSession
2025-06-29 23:53:09,142 - skill.Open_Gmail - INFO - Payload: {"sessionId": "default-porcupine_linux-a0d38670-9a3b-4308-8a66-22042f7291fc", "text": ""}
2025-06-29 23:53:09,143 - skill.Open_Gmail - INFO - Session data cleared.
2025-06-30 11:35:40,887 - skill.Open_Gmail - INFO - Handling intent for session: bdfd36b6-2a4e-4716-85fb-447b73dc9ed6, site: default
2025-06-30 11:35:40,887 - skill.Open_Gmail - INFO - Attempting to open Gmail.
2025-06-30 11:35:41,171 - skill.Open_Gmail - INFO - Successfully opened https://mail.google.com in browser.
2025-06-30 11:35:41,172 - skill.Open_Gmail - INFO - Speaking final response: 'Here is your inbox.'
2025-06-30 11:35:41,172 - skill.Open_Gmail - INFO - Publishing to MQTT topic: hermes/tts/say
2025-06-30 11:35:41,172 - skill.Open_Gmail - INFO - Payload: {"text": "Here is your inbox.", "siteId": "default"}
2025-06-30 11:35:41,172 - skill.Open_Gmail - INFO - Ending session bdfd36b6-2a4e-4716-85fb-447b73dc9ed6
2025-06-30 11:35:41,172 - skill.Open_Gmail - INFO - Publishing to MQTT topic: hermes/dialogueManager/endSession
2025-06-30 11:35:41,172 - skill.Open_Gmail - INFO - Payload: {"sessionId": "bdfd36b6-2a4e-4716-85fb-447b73dc9ed6", "text": ""}
2025-06-30 11:35:41,172 - skill.Open_Gmail - INFO - Session data cleared.
